c:\users\m015810j\onedrive - staffordshire university\foggs\sem2\hellogl\hellogl\debug\vc142.pdb
c:\users\m015810j\onedrive - staffordshire university\foggs\sem2\hellogl\hellogl\debug\vc142.idb
c:\users\m015810j\onedrive - staffordshire university\foggs\sem2\hellogl\hellogl\debug\texture2d.obj
c:\users\m015810j\onedrive - staffordshire university\foggs\sem2\hellogl\hellogl\debug\staticobjects.obj
c:\users\m015810j\onedrive - staffordshire university\foggs\sem2\hellogl\hellogl\debug\sceneobject.obj
c:\users\m015810j\onedrive - staffordshire university\foggs\sem2\hellogl\hellogl\debug\meshloader.obj
c:\users\m015810j\onedrive - staffordshire university\foggs\sem2\hellogl\hellogl\debug\main.obj
c:\users\m015810j\onedrive - staffordshire university\foggs\sem2\hellogl\hellogl\debug\hellogl.obj
c:\users\m015810j\onedrive - staffordshire university\foggs\sem2\hellogl\hellogl\debug\glutcallbacks.obj
c:\users\m015810j\onedrive - staffordshire university\foggs\sem2\hellogl\hellogl\debug\flyingobjects.obj
e:\documents\uni\onedrive - staffordshire university\foggs\sem2\hellogl\hellogl\debug\vc142.pdb
e:\documents\uni\onedrive - staffordshire university\foggs\sem2\hellogl\hellogl\debug\vc142.idb
e:\documents\uni\onedrive - staffordshire university\foggs\sem2\hellogl\hellogl\debug\glutcallbacks.obj
e:\documents\uni\onedrive - staffordshire university\foggs\sem2\hellogl\hellogl\debug\hellogl.obj
e:\documents\uni\onedrive - staffordshire university\foggs\sem2\hellogl\hellogl\debug\main.obj
e:\documents\uni\onedrive - staffordshire university\foggs\sem2\hellogl\hellogl\debug\meshloader.obj
e:\documents\uni\onedrive - staffordshire university\foggs\sem2\hellogl\hellogl\debug\sceneobject.obj
e:\documents\uni\onedrive - staffordshire university\foggs\sem2\hellogl\hellogl\debug\staticobjects.obj
c:\users\m015810j\onedrive - staffordshire university\foggs\sem2\hellogl\debug\hellogl.exe
c:\users\m015810j\onedrive - staffordshire university\foggs\sem2\hellogl\debug\hellogl.ilk
c:\users\m015810j\onedrive - staffordshire university\foggs\sem2\hellogl\debug\hellogl.pdb
e:\documents\uni\onedrive - staffordshire university\foggs\sem2\hellogl\hellogl\debug\flyingobjects.obj
e:\documents\uni\onedrive - staffordshire university\foggs\sem2\hellogl\hellogl\debug\texture2d.obj.enc
e:\documents\uni\onedrive - staffordshire university\foggs\sem2\hellogl\debug\hellogl.pdb
e:\documents\uni\onedrive - staffordshire university\foggs\sem2\hellogl\debug\hellogl.exe
e:\documents\uni\onedrive - staffordshire university\foggs\sem2\hellogl\debug\hellogl.ilk
e:\documents\uni\onedrive - staffordshire university\foggs\sem2\hellogl\hellogl\debug\hellogl.tlog\cl.command.1.tlog
e:\documents\uni\onedrive - staffordshire university\foggs\sem2\hellogl\hellogl\debug\hellogl.tlog\cl.read.1.tlog
e:\documents\uni\onedrive - staffordshire university\foggs\sem2\hellogl\hellogl\debug\hellogl.tlog\cl.write.1.tlog
e:\documents\uni\onedrive - staffordshire university\foggs\sem2\hellogl\hellogl\debug\hellogl.tlog\link.command.1.tlog
e:\documents\uni\onedrive - staffordshire university\foggs\sem2\hellogl\hellogl\debug\hellogl.tlog\link.read.1.tlog
e:\documents\uni\onedrive - staffordshire university\foggs\sem2\hellogl\hellogl\debug\hellogl.tlog\link.write.1.tlog
